[00:09:12] [ServerMain/INFO]: Environment: authHost='https://authserver.mojang.com', accountsHost='https://api.mojang.com', sessionHost='https://sessionserver.mojang.com', servicesHost='https://api.minecraftservices.com', name='PROD'
[00:09:13] [ServerMain/INFO]: Loaded 7 recipes
[00:09:13] [Server thread/INFO]: Starting minecraft server version 1.20.1
[00:09:13] [Server thread/INFO]: Loading properties
[00:09:13] [Server thread/INFO]: This server is running Paper version git-Paper-196 (MC: 1.20.1) (Implementing API version 1.20.1-R0.1-SNAPSHOT) (Git: 773dd72)
[00:09:13] [Server thread/INFO]: Using 4 threads for Netty based IO
[00:09:13] [Server thread/INFO]: Server Ping Player Sample Count: 12
[00:09:13] [Server thread/WARN]: [!] The timings profiler has been enabled but has been scheduled for removal from Paper in the future.
    We recommend installing the spark profiler as a replacement: https://spark.lucko.me/
    For more information please visit: https://github.com/PaperMC/Paper/issues/8948
[00:09:13] [Server thread/INFO]: [ChunkTaskScheduler] Chunk system is using 1 I/O threads, 4 worker threads, and gen parallelism of 4 threads
[00:09:14] [Server thread/INFO]: Default game type: SURVIVAL
[00:09:14] [Server thread/INFO]: Generating keypair
[00:09:14] [Server thread/INFO]: Starting Minecraft server on *:25565
[00:09:14] [Server thread/INFO]: Using default channel type
[00:09:14] [Server thread/INFO]: Paper: Using Java compression from Velocity.
[00:09:14] [Server thread/INFO]: Paper: Using Java cipher from Velocity.
[00:09:14] [Server thread/INFO]: [WorldSettingsPlugin] Loading server plugin WorldSettingsPlugin v1.0.0
[00:09:14] [Server thread/INFO]: Server permissions file permissions.yml is empty, ignoring it
[00:09:14] [Server thread/WARN]: **** SERVER IS RUNNING IN OFFLINE/INSECURE MODE!
[00:09:14] [Server thread/WARN]: The server will make no attempt to authenticate usernames. Beware.
[00:09:14] [Server thread/WARN]: While this makes the game possible to play without internet access, it also opens up the ability for hackers to connect with any username they choose.
[00:09:14] [Server thread/WARN]: To change this, set "online-mode" to "true" in the server.properties file.
[00:09:14] [Server thread/INFO]: Preparing level "world"
[00:09:14] [Server thread/INFO]: Preparing start region for dimension minecraft:overworld
[00:09:14] [Server thread/INFO]: Time elapsed: 205 ms
[00:09:14] [Server thread/INFO]: Preparing start region for dimension minecraft:the_nether
[00:09:14] [Server thread/INFO]: Time elapsed: 13 ms
[00:09:14] [Server thread/INFO]: Preparing start region for dimension minecraft:the_end
[00:09:14] [Server thread/INFO]: Time elapsed: 11 ms
[00:09:14] [Server thread/INFO]: [WorldSettingsPlugin] Enabling WorldSettingsPlugin v1.0.0
[00:09:14] [Server thread/INFO]: [WorldSettingsPlugin] ========================================
[00:09:14] [Server thread/INFO]: [WorldSettingsPlugin]  WorldSettingsPlugin v1.0.0 enabled!
[00:09:14] [Server thread/INFO]: [WorldSettingsPlugin]  Use /worldsettings to open the GUI.
[00:09:14] [Server thread/INFO]: [WorldSettingsPlugin]  Use /progression for advancement tracking.
[00:09:14] [Server thread/INFO]: [WorldSettingsPlugin]  Use /supertableinfo for enchant info.
[00:09:14] [Server thread/INFO]: [WorldSettingsPlugin] ========================================
[00:09:15] [Server thread/INFO]: Running delayed init tasks
[00:09:15] [Server thread/INFO]: Done (1.569s)! For help, type "help"
[00:09:15] [Server thread/INFO]: Timings Reset
[00:09:26] [Server thread/INFO]: Named entity Zombie['Hell Zombie'/3212, uuid='8a477309-7cba-4a56-b663-03448a66ef91', l='ServerLevel[world]', x=34.80, y=-24.00, z=-53.94, cpos=[2, -4], tl=5777, v=true] died: Hell Zombie tried to swim in lava
[00:09:39] [User Authenticator #0/INFO]: UUID of player teste1 is 85986163-2ae6-3a33-a367-d29748701bbe
[00:09:39] [Server thread/INFO]: teste1 joined the game
[00:09:39] [Server thread/INFO]: teste1[/127.0.0.1:52482] logged in with entity id 4907 at ([world]-13.28651818775448, 81.917606195943, -103.54579584646065)
[00:09:55] [Server thread/INFO]: Named entity Skeleton['Hell Skeleton'/1665, uuid='3cde2c83-eed2-4594-b335-457c11a4432f', l='ServerLevel[world]', x=-18.47, y=-45.00, z=-114.02, cpos=[-2, -8], tl=1068, v=true] died: Hell Skeleton burned to death
[00:10:13] [Server thread/INFO]: Named entity Skeleton['Hell Skeleton'/7366, uuid='68fcaeeb-18f6-4e09-9ceb-105a72bf9b1f', l='ServerLevel[world]', x=-101.59, y=-5.00, z=50.38, cpos=[-7, 3], tl=328, v=true] died: Hell Skeleton tried to swim in lava
[00:10:59] [Server thread/INFO]: teste1 issued server command: /gamemode spectator
[00:10:59] [Server thread/INFO]: [teste1: Set own game mode to Spectator Mode]
[00:11:04] [Server thread/INFO]: Named entity Zombie['Hell Zombie'/1654, uuid='766a411f-f0cd-4409-a258-47a5efa4eb50', l='ServerLevel[world]', x=-26.45, y=-35.00, z=-116.78, cpos=[-2, -8], tl=2285, v=true] died: Hell Zombie burned to death
[00:11:04] [Server thread/INFO]: Named entity Skeleton['Hell Skeleton'/9482, uuid='c1e824a8-5a6d-4823-bade-59d3a6488923', l='ServerLevel[world]', x=22.70, y=-35.05, z=-52.30, cpos=[1, -4], tl=526, v=true] died: Hell Skeleton suffocated in a wall
[00:11:04] [Server thread/INFO]: teste1 issued server command: /gamemode survival
[00:11:04] [Server thread/INFO]: [teste1: Set own game mode to Survival Mode]
[00:11:10] [Server thread/INFO]: Named entity Skeleton['Hell Skeleton'/6703, uuid='f8064745-7107-40e6-93a8-3536b97e183c', l='ServerLevel[world]', x=-46.53, y=64.00, z=-64.29, cpos=[-3, -5], tl=1633, v=true] died: Hell Skeleton blew up
[00:11:10] [Server thread/INFO]: teste1 was shot by Hell Skeleton
[00:11:11] [Server thread/INFO]: Named entity Skeleton['Hell Skeleton'/1000, uuid='312a6bcd-bba3-4d82-bf51-0583dac6fe8f', l='ServerLevel[world]', x=-53.30, y=64.00, z=-62.60, cpos=[-4, -4], tl=7737, v=true] died: Hell Skeleton was slain by Hell Zombie
[00:11:14] [Server thread/INFO]: Named entity Skeleton['Hell Skeleton'/1039, uuid='fe48103d-0485-4753-9d98-37db86f2a7c9', l='ServerLevel[world]', x=-57.70, y=63.00, z=-58.70, cpos=[-4, -4], tl=2819, v=true] died: Hell Skeleton was slain by Hell Zombie
[00:11:19] [Server thread/INFO]: Named entity Zombie['Hell Zombie'/8111, uuid='9bd06151-1526-4064-9af5-5d45d3b104f0', l='ServerLevel[world]', x=-28.55, y=63.00, z=-78.82, cpos=[-2, -5], tl=1331, v=true] died: Hell Zombie was blown up by Hell Creeper
[00:11:19] [Server thread/INFO]: teste1 was blown up by Hell Creeper
[00:11:19] [Server thread/INFO]: Named entity Zombie['Hell Zombie'/5174, uuid='7f0c0ff1-c21a-4a08-946c-97c89f301923', l='ServerLevel[world]', x=-28.68, y=63.00, z=-77.85, cpos=[-2, -5], tl=1909, v=true] died: Hell Zombie was blown up by Hell Creeper
[00:11:19] [Server thread/INFO]: Named entity Zombie['Hell Zombie'/5004, uuid='4cfb4ed9-4b65-4cbf-b4be-08d68913dd07', l='ServerLevel[world]', x=-27.55, y=63.00, z=-78.49, cpos=[-2, -5], tl=1945, v=true] died: Hell Zombie was blown up by Hell Creeper
[00:11:19] [Server thread/INFO]: Named entity Skeleton['Hell Skeleton'/1244, uuid='9a388f37-71b0-407d-9cc9-1982f1a2e898', l='ServerLevel[world]', x=-35.70, y=63.00, z=-79.94, cpos=[-3, -5], tl=7718, v=true] died: Hell Skeleton was blown up by Hell Creeper
[00:11:20] [Server thread/INFO]: Named entity Skeleton['Hell Skeleton'/3208, uuid='56feaf39-a8aa-4a51-b250-68da6c514c18', l='ServerLevel[world]', x=34.93, y=-24.00, z=-53.81, cpos=[2, -4], tl=7810, v=true] died: Hell Skeleton tried to swim in lava
[00:11:22] [Server thread/INFO]: Named entity Skeleton['Hell Skeleton'/763, uuid='4940b0d8-18a3-4635-b58e-eae2622e4ef9', l='ServerLevel[world]', x=-64.04, y=64.00, z=-50.82, cpos=[-5, -4], tl=2902, v=true] died: Hell Skeleton was slain by Hell Zombie
[00:11:23] [Server thread/INFO]: Named entity Skeleton['Hell Skeleton'/1057, uuid='a033e191-487c-479e-bb4f-feb24a4c5140', l='ServerLevel[world]', x=-41.78, y=62.00, z=-65.43, cpos=[-3, -5], tl=3114, v=true] died: Hell Skeleton was slain by Hell Zombie
[00:11:24] [Server thread/INFO]: teste1 was slain by Hell Zombie
[00:11:26] [Server thread/INFO]: Named entity Skeleton['Hell Skeleton'/10861, uuid='4f04071d-b8e7-4f55-bd65-52b84b00ad6e', l='ServerLevel[world]', x=-95.41, y=6.55, z=40.91, cpos=[-6, 2], tl=267, v=true] died: Hell Skeleton tried to swim in lava
[00:11:28] [Server thread/INFO]: teste1 was slain by Hell Zombie
[00:11:29] [Server thread/INFO]: Named entity Skeleton['Hell Skeleton'/1306, uuid='1dd6ccc2-9d3b-485d-a07b-140f16c55ae4', l='ServerLevel[world]', x=-30.35, y=63.00, z=-74.23, cpos=[-2, -5], tl=3130, v=true] died: Hell Skeleton was slain by Hell Zombie
[00:11:31] [Server thread/INFO]: Named entity Skeleton['Hell Skeleton'/1274, uuid='a8d23cda-4e14-4f9b-96f2-4c8fe66d6d1f', l='ServerLevel[world]', x=-50.70, y=63.00, z=-55.91, cpos=[-4, -4], tl=2704, v=true] died: Hell Skeleton was shot by Hell Skeleton
[00:11:33] [Server thread/INFO]: Named entity Zombie['Hell Zombie'/6673, uuid='8aef6f01-402e-4962-9e31-e263def1ce37', l='ServerLevel[world]', x=-43.29, y=63.00, z=-73.46, cpos=[-3, -5], tl=2028, v=true] died: Hell Zombie was blown up by Hell Creeper
[00:11:33] [Server thread/INFO]: Named entity Zombie['Hell Zombie'/324, uuid='73630ed5-ac7a-4589-9f18-e789f558954b', l='ServerLevel[world]', x=-42.48, y=63.00, z=-73.40, cpos=[-3, -5], tl=2763, v=true] died: Hell Zombie was blown up by Hell Creeper
[00:11:33] [Server thread/INFO]: Named entity Zombie['Hell Zombie'/1304, uuid='7f334032-3bde-4f1e-8fbd-11de8b1aee22', l='ServerLevel[world]', x=-42.87, y=63.00, z=-74.60, cpos=[-3, -5], tl=8158, v=true] died: Hell Zombie was blown up by Hell Creeper
[00:11:33] [Server thread/INFO]: Named entity Zombie['Hell Zombie'/1444, uuid='00f9ccd6-f2d2-4305-8ebd-0122a18be699', l='ServerLevel[world]', x=-42.00, y=63.00, z=-74.09, cpos=[-3, -5], tl=2841, v=true] died: Hell Zombie was blown up by Hell Creeper
[00:11:33] [Server thread/INFO]: Named entity Zombie['Hell Zombie'/7982, uuid='6bccc5f3-2b0e-421f-9f1e-aa7ddf00bfa5', l='ServerLevel[world]', x=-40.10, y=63.00, z=-72.46, cpos=[-3, -5], tl=1590, v=true] died: Hell Zombie was blown up by Hell Creeper
[00:11:33] [Server thread/INFO]: Named entity Zombie['Hell Zombie'/4262, uuid='f7bee4fe-3e2b-466f-a623-892478a127ac', l='ServerLevel[world]', x=-43.63, y=63.00, z=-74.43, cpos=[-3, -5], tl=2690, v=true] died: Hell Zombie was blown up by Hell Creeper
[00:11:33] [Server thread/INFO]: Named entity Zombie['Hell Zombie'/1278, uuid='beefb9ac-eac0-4d12-a32f-b035e1682923', l='ServerLevel[world]', x=-41.47, y=63.00, z=-72.50, cpos=[-3, -5], tl=2713, v=true] died: Hell Zombie was blown up by Hell Creeper
[00:11:33] [Server thread/INFO]: Named entity Zombie['Hell Zombie'/9613, uuid='96a78909-7a76-4af2-b89e-187e47595e6c', l='ServerLevel[world]', x=-42.63, y=63.00, z=-73.61, cpos=[-3, -5], tl=975, v=true] died: Hell Zombie was blown up by Hell Creeper
[00:11:33] [Server thread/INFO]: Named entity Zombie['Hell Zombie'/1290, uuid='b301b0a6-4ed6-41cc-b9db-9d0cd647a7d6', l='ServerLevel[world]', x=-43.70, y=63.00, z=-73.63, cpos=[-3, -5], tl=2764, v=true] died: Hell Zombie was blown up by Hell Creeper
[00:11:33] [Server thread/INFO]: Named entity Zombie['Hell Zombie'/1309, uuid='e52ff4c9-42a9-4585-9db5-d6122e123c2f', l='ServerLevel[world]', x=-43.19, y=63.00, z=-75.54, cpos=[-3, -5], tl=2692, v=true] died: Hell Zombie was blown up by Hell Creeper
[00:11:33] [Server thread/INFO]: Named entity Zombie['Hell Zombie'/1067, uuid='29800992-a798-48c8-87e8-b664b2550b37', l='ServerLevel[world]', x=-44.33, y=63.00, z=-72.79, cpos=[-3, -5], tl=2899, v=true] died: Hell Zombie was blown up by Hell Creeper
[00:11:33] [Server thread/INFO]: Named entity Zombie['Hell Zombie'/6071, uuid='0d824a3f-9127-4ae7-b58e-763c5bc04c2f', l='ServerLevel[world]', x=-41.64, y=63.00, z=-73.86, cpos=[-3, -5], tl=2050, v=true] died: Hell Zombie was blown up by Hell Creeper
[00:11:33] [Server thread/INFO]: Named entity Zombie['Hell Zombie'/709, uuid='dff18a1b-15e4-4f2e-8a39-cfbc4b847284', l='ServerLevel[world]', x=-43.81, y=63.00, z=-74.78, cpos=[-3, -5], tl=2831, v=true] died: Hell Zombie was blown up by Hell Creeper
[00:11:33] [Server thread/INFO]: Named entity Zombie['Hell Zombie'/7345, uuid='4a9d8b93-85ac-41ad-899f-41446f99cc7e', l='ServerLevel[world]', x=-41.56, y=63.00, z=-74.48, cpos=[-3, -5], tl=1841, v=true] died: Hell Zombie was blown up by Hell Creeper
[00:11:33] [Server thread/INFO]: Named entity Zombie['Hell Zombie'/3157, uuid='38ded85b-0d79-4541-b1e3-3c41ee59176a', l='ServerLevel[world]', x=-40.75, y=63.00, z=-72.47, cpos=[-3, -5], tl=3010, v=true] died: Hell Zombie was blown up by Hell Creeper
[00:11:33] [Server thread/INFO]: teste1 was blown up by Hell Creeper
[00:11:36] [Server thread/WARN]: Can't keep up! Is the server overloaded? Running 5010ms or 100 ticks behind
[00:11:39] [Server thread/INFO]: teste1 has made the advancement [Stone Age]
[00:11:44] [Server thread/INFO]: teste1 issued server command: /gamemode creative
[00:11:44] [Server thread/INFO]: [teste1: Set own game mode to Creative Mode]
[00:11:46] [Server thread/INFO]: Named entity Spider['Hell Spider'/2356, uuid='cac778e4-db09-47b8-871d-ea5138848474', l='ServerLevel[world]', x=5.39, y=-18.00, z=-132.10, cpos=[0, -9], tl=8478, v=true] died: Hell Spider hit the ground too hard
[00:11:49] [Server thread/INFO]: Named entity Creeper['Hell Creeper'/7299, uuid='8fbe2066-7965-443c-a929-f2f24c21d908', l='ServerLevel[world]', x=-104.34, y=-9.52, z=40.05, cpos=[-7, 2], tl=2110, v=true] died: Hell Creeper tried to swim in lava
[00:11:57] [Server thread/INFO]: teste1 issued server command: /gamemode spectator
[00:11:57] [Server thread/INFO]: [teste1: Set own game mode to Spectator Mode]
[00:11:59] [Server thread/INFO]: Named entity Skeleton['Hell Skeleton'/9246, uuid='cb0c02cf-c144-4b6e-8373-92f096cdeee9', l='ServerLevel[world]', x=-107.18, y=-11.00, z=17.78, cpos=[-7, 1], tl=1527, v=true] died: Hell Skeleton fell from a high place
[00:12:05] [Server thread/INFO]: Named entity Skeleton['Hell Skeleton'/11662, uuid='f7502799-3315-4eb3-aa12-b1abef4e1c6c', l='ServerLevel[world]', x=-120.29, y=-22.05, z=-90.70, cpos=[-8, -6], tl=600, v=true] died: Hell Skeleton suffocated in a wall
[00:12:09] [Server thread/INFO]: Named entity Zombie['Hell Zombie'/2577, uuid='74e654cb-a8f8-49c2-bc14-e20f9b96930f', l='ServerLevel[world]', x=35.29, y=-24.00, z=-54.22, cpos=[2, -4], tl=8620, v=true] died: Hell Zombie tried to swim in lava
[00:12:16] [Server thread/WARN]: Can't keep up! Is the server overloaded? Running 9748ms or 194 ticks behind
[00:12:18] [Server thread/INFO]: Named entity Zombie['Hell Zombie'/11482, uuid='6a1e4e3e-d8f3-4300-9736-69f283043a8b', l='ServerLevel[world]', x=-1.95, y=-44.00, z=-152.69, cpos=[-1, -10], tl=845, v=true] died: Hell Zombie burned to death
[00:12:23] [Server thread/INFO]: Named entity Skeleton['Hell Skeleton'/10158, uuid='b71186c7-0ed2-4d1e-886f-34f01e27d197', l='ServerLevel[world]', x=-95.71, y=6.00, z=41.39, cpos=[-6, 2], tl=1519, v=true] died: Hell Skeleton tried to swim in lava
[00:12:42] [Server thread/INFO]: teste1 lost connection: Disconnected
[00:12:42] [Server thread/INFO]: teste1 left the game
[00:12:48] [Server thread/INFO]: Named entity Skeleton['Hell Skeleton'/9433, uuid='61ee6dce-ac36-4c9e-8413-5d3ce03ce8dd', l='ServerLevel[world]', x=25.47, y=-20.00, z=-53.42, cpos=[1, -4], tl=2174, v=true] died: Hell Skeleton burned to death
[00:12:51] [Server thread/INFO]: Named entity Skeleton['Hell Skeleton'/1087, uuid='d1386951-b96e-4820-810f-73a81baebb7b', l='ServerLevel[world]', x=-62.92, y=-31.00, z=-30.87, cpos=[-4, -2], tl=9411, v=true] died: Hell Skeleton tried to swim in lava
[00:12:54] [Server thread/WARN]: Can't keep up! Is the server overloaded? Running 8366ms or 167 ticks behind
[00:13:29] [Server thread/INFO]: Named entity Zombie['Hell Zombie'/3198, uuid='f6160489-b47d-4826-afd7-4801b0955285', l='ServerLevel[world]', x=32.85, y=-22.00, z=-54.29, cpos=[2, -4], tl=10130, v=true] died: Hell Zombie burned to death
[00:13:32] [Server thread/INFO]: Named entity Spider['Hell Spider'/8775, uuid='1f940e38-b4ed-4e5c-b668-44d894909716', l='ServerLevel[world]', x=-6.30, y=-15.90, z=-93.70, cpos=[-1, -6], tl=3253, v=true] died: Hell Spider burned to death
[00:13:35] [Server thread/INFO]: Named entity Skeleton['Hell Skeleton'/9585, uuid='dfd2d2db-3db7-43f6-93bc-44e7b01d6150', l='ServerLevel[world]', x=-65.70, y=-48.00, z=-107.64, cpos=[-5, -7], tl=3006, v=true] died: Hell Skeleton tried to swim in lava
[00:13:40] [Server thread/INFO]: Named entity Spider['Hell Spider'/4890, uuid='614d151f-2910-4ba6-8244-91f3c2039999', l='ServerLevel[world]', x=53.73, y=62.10, z=10.86, cpos=[3, 0], tl=4913, v=true] died: Hell Spider drowned
[00:13:58] [Server thread/INFO]: Named entity Creeper['Hell Creeper'/8881, uuid='bc58d21c-3b98-4151-afb4-4ce1538df759', l='ServerLevel[world]', x=31.30, y=-22.00, z=-54.08, cpos=[1, -4], tl=3676, v=true] died: Hell Creeper burned to death
[00:14:02] [Server thread/INFO]: Named entity Skeleton['Hell Skeleton'/6700, uuid='6e8ec791-ea95-4391-a7c6-16dbb653db95', l='ServerLevel[world]', x=-50.15, y=-40.00, z=-106.08, cpos=[-4, -7], tl=4546, v=true] died: Hell Skeleton tried to swim in lava
[00:14:11] [Server thread/WARN]: Can't keep up! Is the server overloaded? Running 5001ms or 100 ticks behind
[00:14:13] [Server thread/INFO]: Stopping the server
[00:14:13] [Server thread/INFO]: Stopping server
[00:14:13] [Server thread/INFO]: [WorldSettingsPlugin] Disabling WorldSettingsPlugin v1.0.0
[00:14:13] [Server thread/INFO]: [WorldSettingsPlugin] WorldSettingsPlugin disabled.
[00:14:13] [Server thread/INFO]: Saving players
[00:14:13] [Server thread/INFO]: Saving worlds
[00:14:13] [Server thread/INFO]: Saving chunks for level 'ServerLevel[world]'/minecraft:overworld
[00:14:13] [Server thread/INFO]: [ChunkHolderManager] Waiting 60s for chunk system to halt for world 'world'
[00:14:13] [Server thread/INFO]: [ChunkHolderManager] Halted chunk system for world 'world'
[00:14:13] [Server thread/INFO]: [ChunkHolderManager] Saving all chunkholders for world 'world'
[00:14:14] [Server thread/INFO]: [ChunkHolderManager] Saved 1257 block chunks, 859 entity chunks, 1 poi chunks in world 'world' in 1.12s
[00:14:14] [Server thread/INFO]: ThreadedAnvilChunkStorage (world): All chunks are saved
[00:14:14] [Server thread/INFO]: Saving chunks for level 'ServerLevel[world_nether]'/minecraft:the_nether
[00:14:14] [Server thread/INFO]: [ChunkHolderManager] Waiting 60s for chunk system to halt for world 'world_nether'
[00:14:14] [Server thread/INFO]: [ChunkHolderManager] Halted chunk system for world 'world_nether'
[00:14:14] [Server thread/INFO]: [ChunkHolderManager] Saving all chunkholders for world 'world_nether'
[00:14:14] [Server thread/INFO]: [ChunkHolderManager] Saved 529 block chunks, 529 entity chunks, 0 poi chunks in world 'world_nether' in 0.40s
[00:14:14] [Server thread/INFO]: ThreadedAnvilChunkStorage (DIM-1): All chunks are saved
[00:14:14] [Server thread/INFO]: Saving chunks for level 'ServerLevel[world_the_end]'/minecraft:the_end
[00:14:14] [Server thread/INFO]: [ChunkHolderManager] Waiting 60s for chunk system to halt for world 'world_the_end'
[00:14:14] [Server thread/INFO]: [ChunkHolderManager] Halted chunk system for world 'world_the_end'
[00:14:14] [Server thread/INFO]: [ChunkHolderManager] Saving all chunkholders for world 'world_the_end'
[00:14:14] [Server thread/INFO]: [ChunkHolderManager] Saved 529 block chunks, 529 entity chunks, 0 poi chunks in world 'world_the_end' in 0.05s
[00:14:14] [Server thread/INFO]: ThreadedAnvilChunkStorage (DIM1): All chunks are saved
[00:14:14] [Server thread/INFO]: ThreadedAnvilChunkStorage: All dimensions are saved
[00:14:14] [Server thread/INFO]: Flushing Chunk IO
[00:14:14] [Server thread/INFO]: Closing Thread Pool
[00:14:14] [Server thread/INFO]: Closing Server
